-------------------------------------------------------------------------------
Test set: com.stylefeng.guns.GunsRestApplicationTests
-------------------------------------------------------------------------------
Tests run: 1, Failures: 0, Errors: 1, Skipped: 0, Time elapsed: 0.544 s <<< FAILURE! - in com.stylefeng.guns.GunsRestApplicationTests
initializationError(com.stylefeng.guns.GunsRestApplicationTests)  Time elapsed: 0.004 s  <<< ERROR!
java.lang.IllegalStateException: Unable to find a @SpringBootConfiguration, you need to use @ContextConfiguration or @SpringBootTest(classes=...) with your test

