<?xml version="1.0" encoding="UTF-8"?>
<testsuite xmlns:xsi="http://www.w3.org/2001/XMLSchema-instance" xsi:noNamespaceSchemaLocation="https://maven.apache.org/surefire/maven-surefire-plugin/xsd/surefire-test-report.xsd" name="com.stylefeng.guns.GunsRestApplicationTests" time="0.544" tests="1" errors="1" skipped="0" failures="0">
  <properties>
[...]
</properties>
  <testcase name="initializationError" classname="com.stylefeng.guns.GunsRestApplicationTests" time="0.004">
    <error message="Unable to find a @SpringBootConfiguration, you need to use @ContextConfiguration or @SpringBootTest(classes=...) with your test" type="java.lang.IllegalStateException">java.lang.IllegalStateException: Unable to find a @SpringBootConfiguration, you need to use @ContextConfiguration or @SpringBootTest(classes=...) with your test
</error>
    <system-out><![CDATA[18:44:12.880 [main] DEBUG org.springframework.test.context.junit4.SpringJUnit4ClassRunner - SpringJUnit4ClassRunner constructor called with [class com.stylefeng.guns.GunsRestApplicationTests]
18:44:12.888 [main] DEBUG org.springframework.test.context.BootstrapUtils - Instantiating CacheAwareContextLoaderDelegate from class [org.springframework.test.context.cache.DefaultCacheAwareContextLoaderDelegate]
18:44:12.900 [main] DEBUG org.springframework.test.context.BootstrapUtils - Instantiating BootstrapContext using constructor [public org.springframework.test.context.support.DefaultBootstrapContext(java.lang.Class,org.springframework.test.context.CacheAwareContextLoaderDelegate)]
18:44:12.926 [main] DEBUG org.springframework.test.context.BootstrapUtils - Instantiating TestContextBootstrapper for test class [com.stylefeng.guns.GunsRestApplicationTests] from class [org.springframework.boot.test.context.SpringBootTestContextBootstrapper]
18:44:12.953 [main] INFO org.springframework.boot.test.context.SpringBootTestContextBootstrapper - Neither @ContextConfiguration nor @ContextHierarchy found for test class [com.stylefeng.guns.GunsRestApplicationTests], using SpringBootContextLoader
18:44:12.957 [main] DEBUG org.springframework.test.context.support.AbstractContextLoader - Did not detect default resource location for test class [com.stylefeng.guns.GunsRestApplicationTests]: class path resource [com/stylefeng/guns/GunsRestApplicationTests-context.xml] does not exist
18:44:12.958 [main] DEBUG org.springframework.test.context.support.AbstractContextLoader - Did not detect default resource location for test class [com.stylefeng.guns.GunsRestApplicationTests]: class path resource [com/stylefeng/guns/GunsRestApplicationTestsContext.groovy] does not exist
18:44:12.958 [main] INFO org.springframework.test.context.support.AbstractContextLoader - Could not detect default resource locations for test class [com.stylefeng.guns.GunsRestApplicationTests]: no resource found for suffixes {-context.xml, Context.groovy}.
18:44:12.958 [main] INFO org.springframework.test.context.support.AnnotationConfigContextLoaderUtils - Could not detect default configuration classes for test class [com.stylefeng.guns.GunsRestApplicationTests]: GunsRestApplicationTests does not declare any static, non-private, non-final, nested classes annotated with @Configuration.
18:44:13.014 [main] DEBUG org.springframework.test.context.support.ActiveProfilesUtils - Could not find an 'annotation declaring class' for annotation type [org.springframework.test.context.ActiveProfiles] and class [com.stylefeng.guns.GunsRestApplicationTests]
18:44:13.020 [main] DEBUG org.springframework.core.env.StandardEnvironment - Adding PropertySource 'systemProperties' with lowest search precedence
18:44:13.020 [main] DEBUG org.springframework.core.env.StandardEnvironment - Adding PropertySource 'systemEnvironment' with lowest search precedence
18:44:13.020 [main] DEBUG org.springframework.core.env.StandardEnvironment - Initialized StandardEnvironment with PropertySources [MapPropertySource@322836221 {name='systemProperties', properties={java.runtime.name=OpenJDK Runtime Environment, sun.boot.library.path=/usr/lib/jvm/java-8-openjdk-amd64/jre/lib/amd64, java.vm.version=25.191-b12, java.vm.vendor=Oracle Corporation, java.vendor.url=http://java.oracle.com/, path.separator=:, java.vm.name=OpenJDK 64-Bit Server VM, file.encoding.pkg=sun.io, user.country=US, sun.java.launcher=SUN_STANDARD, sun.os.patch.level=unknown, java.vm.specification.name=Java Virtual Machine Specification, user.dir=/home/shuaijunlan/workspace/projects/cinema-platform/user-manage/guns-gateway, java.runtime.version=1.8.0_191-8u191-b12-0ubuntu0.18.04.1-b12, basedir=/home/shuaijunlan/workspace/projects/cinema-platform/user-manage/guns-gateway, java.awt.graphicsenv=sun.awt.X11GraphicsEnvironment, java.endorsed.dirs=/usr/lib/jvm/java-8-openjdk-amd64/jre/lib/endorsed, os.arch=amd64, surefire.real.class.path=/home/shuaijunlan/workspace/projects/cinema-platform/user-manage/guns-gateway/target/surefire/surefirebooter5321586829577410599.jar, java.io.tmpdir=/tmp, line.separator=
, java.vm.specification.vendor=Oracle Corporation, os.name=Linux, sun.jnu.encoding=UTF-8, java.library.path=/usr/java/packages/lib/amd64:/usr/lib/x86_64-linux-gnu/jni:/lib/x86_64-linux-gnu:/usr/lib/x86_64-linux-gnu:/usr/lib/jni:/lib:/usr/lib, surefire.test.class.path=/home/shuaijunlan/workspace/projects/cinema-platform/user-manage/guns-gateway/target/test-classes:/home/shuaijunlan/workspace/projects/cinema-platform/user-manage/guns-gateway/target/classes:/home/shuaijunlan/.m2/repository/org/springframework/boot/spring-boot-starter-web/2.0.1.RELEASE/spring-boot-starter-web-2.0.1.RELEASE.jar:/home/shuaijunlan/.m2/repository/org/springframework/boot/spring-boot-starter/2.0.1.RELEASE/spring-boot-starter-2.0.1.RELEASE.jar:/home/shuaijunlan/.m2/repository/org/springframework/boot/spring-boot/2.0.1.RELEASE/spring-boot-2.0.1.RELEASE.jar:/home/shuaijunlan/.m2/repository/org/springframework/boot/spring-boot-autoconfigure/2.0.1.RELEASE/spring-boot-autoconfigure-2.0.1.RELEASE.jar:/home/shuaijunlan/.m2/repository/org/springframework/boot/spring-boot-starter-logging/2.0.1.RELEASE/spring-boot-starter-logging-2.0.1.RELEASE.jar:/home/shuaijunlan/.m2/repository/ch/qos/logback/logback-classic/1.2.3/logback-classic-1.2.3.jar:/home/shuaijunlan/.m2/repository/ch/qos/logback/logback-core/1.2.3/logback-core-1.2.3.jar:/home/shuaijunlan/.m2/repository/org/apache/logging/log4j/log4j-to-slf4j/2.10.0/log4j-to-slf4j-2.10.0.jar:/home/shuaijunlan/.m2/repository/org/apache/logging/log4j/log4j-api/2.10.0/log4j-api-2.10.0.jar:/home/shuaijunlan/.m2/repository/org/slf4j/jul-to-slf4j/1.7.25/jul-to-slf4j-1.7.25.jar:/home/shuaijunlan/.m2/repository/javax/annotation/javax.annotation-api/1.3.2/javax.annotation-api-1.3.2.jar:/home/shuaijunlan/.m2/repository/org/yaml/snakeyaml/1.19/snakeyaml-1.19.jar:/home/shuaijunlan/.m2/repository/org/springframework/boot/spring-boot-starter-json/2.0.1.RELEASE/spring-boot-starter-json-2.0.1.RELEASE.jar:/home/shuaijunlan/.m2/repository/com/fasterxml/jackson/datatype/jackson-datatype-jdk8/2.9.5/jackson-datatype-jdk8-2.9.5.jar:/home/shuaijunlan/.m2/repository/com/fasterxml/jackson/datatype/jackson-datatype-jsr310/2.9.5/jackson-datatype-jsr310-2.9.5.jar:/home/shuaijunlan/.m2/repository/com/fasterxml/jackson/module/jackson-module-parameter-names/2.9.5/jackson-module-parameter-names-2.9.5.jar:/home/shuaijunlan/.m2/repository/org/springframework/boot/spring-boot-starter-tomcat/2.0.1.RELEASE/spring-boot-starter-tomcat-2.0.1.RELEASE.jar:/home/shuaijunlan/.m2/repository/org/apache/tomcat/embed/tomcat-embed-core/8.5.29/tomcat-embed-core-8.5.29.jar:/home/shuaijunlan/.m2/repository/org/apache/tomcat/embed/tomcat-embed-el/8.5.29/tomcat-embed-el-8.5.29.jar:/home/shuaijunlan/.m2/repository/org/apache/tomcat/embed/tomcat-embed-websocket/8.5.29/tomcat-embed-websocket-8.5.29.jar:/home/shuaijunlan/.m2/repository/org/hibernate/validator/hibernate-validator/6.0.9.Final/hibernate-validator-6.0.9.Final.jar:/home/shuaijunlan/.m2/repository/javax/validation/validation-api/2.0.1.Final/validation-api-2.0.1.Final.jar:/home/shuaijunlan/.m2/repository/org/jboss/logging/jboss-logging/3.3.2.Final/jboss-logging-3.3.2.Final.jar:/home/shuaijunlan/.m2/repository/com/fasterxml/classmate/1.3.4/classmate-1.3.4.jar:/home/shuaijunlan/.m2/repository/org/springframework/spring-web/5.0.5.RELEASE/spring-web-5.0.5.RELEASE.jar:/home/shuaijunlan/.m2/repository/org/springframework/spring-beans/5.0.5.RELEASE/spring-beans-5.0.5.RELEASE.jar:/home/shuaijunlan/.m2/repository/org/springframework/spring-webmvc/5.0.5.RELEASE/spring-webmvc-5.0.5.RELEASE.jar:/home/shuaijunlan/.m2/repository/org/springframework/spring-aop/5.0.5.RELEASE/spring-aop-5.0.5.RELEASE.jar:/home/shuaijunlan/.m2/repository/org/springframework/spring-expression/5.0.5.RELEASE/spring-expression-5.0.5.RELEASE.jar:/home/shuaijunlan/.m2/repository/com/alibaba/boot/dubbo-spring-boot-starter/0.2.0/dubbo-spring-boot-starter-0.2.0.jar:/home/shuaijunlan/.m2/repository/org/apache/zookeeper/zookeeper/3.4.9/zookeeper-3.4.9.jar:/home/shuaijunlan/.m2/repository/jline/jline/0.9.94/jline-0.9.94.jar:/home/shuaijunlan/.m2/repository/io/netty/netty/3.10.5.Final/netty-3.10.5.Final.jar:/home/shuaijunlan/.m2/repository/org/apache/curator/curator-framework/2.12.0/curator-framework-2.12.0.jar:/home/shuaijunlan/.m2/repository/org/apache/curator/curator-client/2.12.0/curator-client-2.12.0.jar:/home/shuaijunlan/.m2/repository/com/google/guava/guava/16.0.1/guava-16.0.1.jar:/home/shuaijunlan/.m2/repository/com/alibaba/boot/dubbo-spring-boot-autoconfigure/0.2.0/dubbo-spring-boot-autoconfigure-0.2.0.jar:/home/shuaijunlan/.m2/repository/com/alibaba/dubbo/2.6.5/dubbo-2.6.5.jar:/home/shuaijunlan/.m2/repository/org/springframework/spring-context/5.0.5.RELEASE/spring-context-5.0.5.RELEASE.jar:/home/shuaijunlan/.m2/repository/org/javassist/javassist/3.20.0-GA/javassist-3.20.0-GA.jar:/home/shuaijunlan/.m2/repository/org/jboss/netty/netty/3.2.5.Final/netty-3.2.5.Final.jar:/home/shuaijunlan/.m2/repository/com/alibaba/spring/spring-context-support/1.0.2/spring-context-support-1.0.2.jar:/home/shuaijunlan/.m2/repository/org/springframework/boot/spring-boot-starter-test/2.0.1.RELEASE/spring-boot-starter-test-2.0.1.RELEASE.jar:/home/shuaijunlan/.m2/repository/org/springframework/boot/spring-boot-test/2.0.1.RELEASE/spring-boot-test-2.0.1.RELEASE.jar:/home/shuaijunlan/.m2/repository/org/springframework/boot/spring-boot-test-autoconfigure/2.0.1.RELEASE/spring-boot-test-autoconfigure-2.0.1.RELEASE.jar:/home/shuaijunlan/.m2/repository/com/jayway/jsonpath/json-path/2.4.0/json-path-2.4.0.jar:/home/shuaijunlan/.m2/repository/net/minidev/json-smart/2.3/json-smart-2.3.jar:/home/shuaijunlan/.m2/repository/net/minidev/accessors-smart/1.2/accessors-smart-1.2.jar:/home/shuaijunlan/.m2/repository/org/ow2/asm/asm/5.0.4/asm-5.0.4.jar:/home/shuaijunlan/.m2/repository/junit/junit/4.12/junit-4.12.jar:/home/shuaijunlan/.m2/repository/org/assertj/assertj-core/3.9.1/assertj-core-3.9.1.jar:/home/shuaijunlan/.m2/repository/org/mockito/mockito-core/2.15.0/mockito-core-2.15.0.jar:/home/shuaijunlan/.m2/repository/net/bytebuddy/byte-buddy/1.7.11/byte-buddy-1.7.11.jar:/home/shuaijunlan/.m2/repository/net/bytebuddy/byte-buddy-agent/1.7.11/byte-buddy-agent-1.7.11.jar:/home/shuaijunlan/.m2/repository/org/objenesis/objenesis/2.6/objenesis-2.6.jar:/home/shuaijunlan/.m2/repository/org/hamcrest/hamcrest-core/1.3/hamcrest-core-1.3.jar:/home/shuaijunlan/.m2/repository/org/hamcrest/hamcrest-library/1.3/hamcrest-library-1.3.jar:/home/shuaijunlan/.m2/repository/org/skyscreamer/jsonassert/1.5.0/jsonassert-1.5.0.jar:/home/shuaijunlan/.m2/repository/com/vaadin/external/google/android-json/0.0.20131108.vaadin1/android-json-0.0.20131108.vaadin1.jar:/home/shuaijunlan/.m2/repository/org/springframework/spring-core/5.0.5.RELEASE/spring-core-5.0.5.RELEASE.jar:/home/shuaijunlan/.m2/repository/org/springframework/spring-jcl/5.0.5.RELEASE/spring-jcl-5.0.5.RELEASE.jar:/home/shuaijunlan/.m2/repository/org/springframework/spring-test/5.0.5.RELEASE/spring-test-5.0.5.RELEASE.jar:/home/shuaijunlan/.m2/repository/org/xmlunit/xmlunit-core/2.5.1/xmlunit-core-2.5.1.jar:/home/shuaijunlan/.m2/repository/io/jsonwebtoken/jjwt/0.9.0/jjwt-0.9.0.jar:/home/shuaijunlan/.m2/repository/com/fasterxml/jackson/core/jackson-databind/2.9.5/jackson-databind-2.9.5.jar:/home/shuaijunlan/.m2/repository/com/fasterxml/jackson/core/jackson-annotations/2.9.0/jackson-annotations-2.9.0.jar:/home/shuaijunlan/.m2/repository/com/fasterxml/jackson/core/jackson-core/2.9.5/jackson-core-2.9.5.jar:/home/shuaijunlan/.m2/repository/cn/shuaijunlan/guns-core/0.0.1-SNAPSHOT/guns-core-0.0.1-SNAPSHOT.jar:/home/shuaijunlan/.m2/repository/com/baomidou/mybatisplus-spring-boot-starter/1.0.5/mybatisplus-spring-boot-starter-1.0.5.jar:/home/shuaijunlan/.m2/repository/org/springframework/boot/spring-boot-configuration-processor/2.0.1.RELEASE/spring-boot-configuration-processor-2.0.1.RELEASE.jar:/home/shuaijunlan/.m2/repository/com/baomidou/mybatis-plus/2.3/mybatis-plus-2.3.jar:/home/shuaijunlan/.m2/repository/com/baomidou/mybatis-plus-support/2.3/mybatis-plus-support-2.3.jar:/home/shuaijunlan/.m2/repository/com/baomidou/mybatis-plus-core/2.3/mybatis-plus-core-2.3.jar:/home/shuaijunlan/.m2/repository/com/github/jsqlparser/jsqlparser/1.1/jsqlparser-1.1.jar:/home/shuaijunlan/.m2/repository/org/mybatis/mybatis-spring/1.3.2/mybatis-spring-1.3.2.jar:/home/shuaijunlan/.m2/repository/org/mybatis/mybatis/3.4.6/mybatis-3.4.6.jar:/home/shuaijunlan/.m2/repository/com/baomidou/mybatis-plus-generate/2.3/mybatis-plus-generate-2.3.jar:/home/shuaijunlan/.m2/repository/org/apache/velocity/velocity/1.7/velocity-1.7.jar:/home/shuaijunlan/.m2/repository/commons-collections/commons-collections/3.2.1/commons-collections-3.2.1.jar:/home/shuaijunlan/.m2/repository/commons-lang/commons-lang/2.4/commons-lang-2.4.jar:/home/shuaijunlan/.m2/repository/mysql/mysql-connector-java/8.0.11/mysql-connector-java-8.0.11.jar:/home/shuaijunlan/.m2/repository/com/google/protobuf/protobuf-java/2.6.0/protobuf-java-2.6.0.jar:/home/shuaijunlan/.m2/repository/org/springframework/boot/spring-boot-starter-jdbc/2.0.1.RELEASE/spring-boot-starter-jdbc-2.0.1.RELEASE.jar:/home/shuaijunlan/.m2/repository/com/zaxxer/HikariCP/2.7.8/HikariCP-2.7.8.jar:/home/shuaijunlan/.m2/repository/org/springframework/spring-jdbc/5.0.5.RELEASE/spring-jdbc-5.0.5.RELEASE.jar:/home/shuaijunlan/.m2/repository/org/springframework/spring-tx/5.0.5.RELEASE/spring-tx-5.0.5.RELEASE.jar:/home/shuaijunlan/.m2/repository/com/alibaba/druid/1.1.10/druid-1.1.10.jar:/home/shuaijunlan/.m2/repository/com/alibaba/fastjson/1.2.47/fastjson-1.2.47.jar:/home/shuaijunlan/.m2/repository/org/apache/commons/commons-lang3/3.7/commons-lang3-3.7.jar:/home/shuaijunlan/.m2/repository/log4j/log4j/1.2.17/log4j-1.2.17.jar:/home/shuaijunlan/.m2/repository/com/101tec/zkclient/0.10/zkclient-0.10.jar:/home/shuaijunlan/.m2/repository/org/slf4j/slf4j-api/1.7.25/slf4j-api-1.7.25.jar:/home/shuaijunlan/.m2/repository/cn/shuaijunlan/guns-api/0.0.1-SNAPSHOT/guns-api-0.0.1-SNAPSHOT.jar:/home/shuaijunlan/.m2/repository/org/projectlombok/lombok/1.18.4/lombok-1.18.4.jar:, java.specification.name=Java Platform API Specification, java.class.version=52.0, sun.management.compiler=HotSpot 64-Bit Tiered Compilers, os.version=4.15.0-43-generic, user.home=/home/shuaijunlan, user.timezone=Asia/Shanghai, java.awt.printerjob=sun.print.PSPrinterJob, file.encoding=UTF-8, java.specification.version=1.8, java.class.path=/home/shuaijunlan/workspace/projects/cinema-platform/user-manage/guns-gateway/target/test-classes:/home/shuaijunlan/workspace/projects/cinema-platform/user-manage/guns-gateway/target/classes:/home/shuaijunlan/.m2/repository/org/springframework/boot/spring-boot-starter-web/2.0.1.RELEASE/spring-boot-starter-web-2.0.1.RELEASE.jar:/home/shuaijunlan/.m2/repository/org/springframework/boot/spring-boot-starter/2.0.1.RELEASE/spring-boot-starter-2.0.1.RELEASE.jar:/home/shuaijunlan/.m2/repository/org/springframework/boot/spring-boot/2.0.1.RELEASE/spring-boot-2.0.1.RELEASE.jar:/home/shuaijunlan/.m2/repository/org/springframework/boot/spring-boot-autoconfigure/2.0.1.RELEASE/spring-boot-autoconfigure-2.0.1.RELEASE.jar:/home/shuaijunlan/.m2/repository/org/springframework/boot/spring-boot-starter-logging/2.0.1.RELEASE/spring-boot-starter-logging-2.0.1.RELEASE.jar:/home/shuaijunlan/.m2/repository/ch/qos/logback/logback-classic/1.2.3/logback-classic-1.2.3.jar:/home/shuaijunlan/.m2/repository/ch/qos/logback/logback-core/1.2.3/logback-core-1.2.3.jar:/home/shuaijunlan/.m2/repository/org/apache/logging/log4j/log4j-to-slf4j/2.10.0/log4j-to-slf4j-2.10.0.jar:/home/shuaijunlan/.m2/repository/org/apache/logging/log4j/log4j-api/2.10.0/log4j-api-2.10.0.jar:/home/shuaijunlan/.m2/repository/org/slf4j/jul-to-slf4j/1.7.25/jul-to-slf4j-1.7.25.jar:/home/shuaijunlan/.m2/repository/javax/annotation/javax.annotation-api/1.3.2/javax.annotation-api-1.3.2.jar:/home/shuaijunlan/.m2/repository/org/yaml/snakeyaml/1.19/snakeyaml-1.19.jar:/home/shuaijunlan/.m2/repository/org/springframework/boot/spring-boot-starter-json/2.0.1.RELEASE/spring-boot-starter-json-2.0.1.RELEASE.jar:/home/shuaijunlan/.m2/repository/com/fasterxml/jackson/datatype/jackson-datatype-jdk8/2.9.5/jackson-datatype-jdk8-2.9.5.jar:/home/shuaijunlan/.m2/repository/com/fasterxml/jackson/datatype/jackson-datatype-jsr310/2.9.5/jackson-datatype-jsr310-2.9.5.jar:/home/shuaijunlan/.m2/repository/com/fasterxml/jackson/module/jackson-module-parameter-names/2.9.5/jackson-module-parameter-names-2.9.5.jar:/home/shuaijunlan/.m2/repository/org/springframework/boot/spring-boot-starter-tomcat/2.0.1.RELEASE/spring-boot-starter-tomcat-2.0.1.RELEASE.jar:/home/shuaijunlan/.m2/repository/org/apache/tomcat/embed/tomcat-embed-core/8.5.29/tomcat-embed-core-8.5.29.jar:/home/shuaijunlan/.m2/repository/org/apache/tomcat/embed/tomcat-embed-el/8.5.29/tomcat-embed-el-8.5.29.jar:/home/shuaijunlan/.m2/repository/org/apache/tomcat/embed/tomcat-embed-websocket/8.5.29/tomcat-embed-websocket-8.5.29.jar:/home/shuaijunlan/.m2/repository/org/hibernate/validator/hibernate-validator/6.0.9.Final/hibernate-validator-6.0.9.Final.jar:/home/shuaijunlan/.m2/repository/javax/validation/validation-api/2.0.1.Final/validation-api-2.0.1.Final.jar:/home/shuaijunlan/.m2/repository/org/jboss/logging/jboss-logging/3.3.2.Final/jboss-logging-3.3.2.Final.jar:/home/shuaijunlan/.m2/repository/com/fasterxml/classmate/1.3.4/classmate-1.3.4.jar:/home/shuaijunlan/.m2/repository/org/springframework/spring-web/5.0.5.RELEASE/spring-web-5.0.5.RELEASE.jar:/home/shuaijunlan/.m2/repository/org/springframework/spring-beans/5.0.5.RELEASE/spring-beans-5.0.5.RELEASE.jar:/home/shuaijunlan/.m2/repository/org/springframework/spring-webmvc/5.0.5.RELEASE/spring-webmvc-5.0.5.RELEASE.jar:/home/shuaijunlan/.m2/repository/org/springframework/spring-aop/5.0.5.RELEASE/spring-aop-5.0.5.RELEASE.jar:/home/shuaijunlan/.m2/repository/org/springframework/spring-expression/5.0.5.RELEASE/spring-expression-5.0.5.RELEASE.jar:/home/shuaijunlan/.m2/repository/com/alibaba/boot/dubbo-spring-boot-starter/0.2.0/dubbo-spring-boot-starter-0.2.0.jar:/home/shuaijunlan/.m2/repository/org/apache/zookeeper/zookeeper/3.4.9/zookeeper-3.4.9.jar:/home/shuaijunlan/.m2/repository/jline/jline/0.9.94/jline-0.9.94.jar:/home/shuaijunlan/.m2/repository/io/netty/netty/3.10.5.Final/netty-3.10.5.Final.jar:/home/shuaijunlan/.m2/repository/org/apache/curator/curator-framework/2.12.0/curator-framework-2.12.0.jar:/home/shuaijunlan/.m2/repository/org/apache/curator/curator-client/2.12.0/curator-client-2.12.0.jar:/home/shuaijunlan/.m2/repository/com/google/guava/guava/16.0.1/guava-16.0.1.jar:/home/shuaijunlan/.m2/repository/com/alibaba/boot/dubbo-spring-boot-autoconfigure/0.2.0/dubbo-spring-boot-autoconfigure-0.2.0.jar:/home/shuaijunlan/.m2/repository/com/alibaba/dubbo/2.6.5/dubbo-2.6.5.jar:/home/shuaijunlan/.m2/repository/org/springframework/spring-context/5.0.5.RELEASE/spring-context-5.0.5.RELEASE.jar:/home/shuaijunlan/.m2/repository/org/javassist/javassist/3.20.0-GA/javassist-3.20.0-GA.jar:/home/shuaijunlan/.m2/repository/org/jboss/netty/netty/3.2.5.Final/netty-3.2.5.Final.jar:/home/shuaijunlan/.m2/repository/com/alibaba/spring/spring-context-support/1.0.2/spring-context-support-1.0.2.jar:/home/shuaijunlan/.m2/repository/org/springframework/boot/spring-boot-starter-test/2.0.1.RELEASE/spring-boot-starter-test-2.0.1.RELEASE.jar:/home/shuaijunlan/.m2/repository/org/springframework/boot/spring-boot-test/2.0.1.RELEASE/spring-boot-test-2.0.1.RELEASE.jar:/home/shuaijunlan/.m2/repository/org/springframework/boot/spring-boot-test-autoconfigure/2.0.1.RELEASE/spring-boot-test-autoconfigure-2.0.1.RELEASE.jar:/home/shuaijunlan/.m2/repository/com/jayway/jsonpath/json-path/2.4.0/json-path-2.4.0.jar:/home/shuaijunlan/.m2/repository/net/minidev/json-smart/2.3/json-smart-2.3.jar:/home/shuaijunlan/.m2/repository/net/minidev/accessors-smart/1.2/accessors-smart-1.2.jar:/home/shuaijunlan/.m2/repository/org/ow2/asm/asm/5.0.4/asm-5.0.4.jar:/home/shuaijunlan/.m2/repository/junit/junit/4.12/junit-4.12.jar:/home/shuaijunlan/.m2/repository/org/assertj/assertj-core/3.9.1/assertj-core-3.9.1.jar:/home/shuaijunlan/.m2/repository/org/mockito/mockito-core/2.15.0/mockito-core-2.15.0.jar:/home/shuaijunlan/.m2/repository/net/bytebuddy/byte-buddy/1.7.11/byte-buddy-1.7.11.jar:/home/shuaijunlan/.m2/repository/net/bytebuddy/byte-buddy-agent/1.7.11/byte-buddy-agent-1.7.11.jar:/home/shuaijunlan/.m2/repository/org/objenesis/objenesis/2.6/objenesis-2.6.jar:/home/shuaijunlan/.m2/repository/org/hamcrest/hamcrest-core/1.3/hamcrest-core-1.3.jar:/home/shuaijunlan/.m2/repository/org/hamcrest/hamcrest-library/1.3/hamcrest-library-1.3.jar:/home/shuaijunlan/.m2/repository/org/skyscreamer/jsonassert/1.5.0/jsonassert-1.5.0.jar:/home/shuaijunlan/.m2/repository/com/vaadin/external/google/android-json/0.0.20131108.vaadin1/android-json-0.0.20131108.vaadin1.jar:/home/shuaijunlan/.m2/repository/org/springframework/spring-core/5.0.5.RELEASE/spring-core-5.0.5.RELEASE.jar:/home/shuaijunlan/.m2/repository/org/springframework/spring-jcl/5.0.5.RELEASE/spring-jcl-5.0.5.RELEASE.jar:/home/shuaijunlan/.m2/repository/org/springframework/spring-test/5.0.5.RELEASE/spring-test-5.0.5.RELEASE.jar:/home/shuaijunlan/.m2/repository/org/xmlunit/xmlunit-core/2.5.1/xmlunit-core-2.5.1.jar:/home/shuaijunlan/.m2/repository/io/jsonwebtoken/jjwt/0.9.0/jjwt-0.9.0.jar:/home/shuaijunlan/.m2/repository/com/fasterxml/jackson/core/jackson-databind/2.9.5/jackson-databind-2.9.5.jar:/home/shuaijunlan/.m2/repository/com/fasterxml/jackson/core/jackson-annotations/2.9.0/jackson-annotations-2.9.0.jar:/home/shuaijunlan/.m2/repository/com/fasterxml/jackson/core/jackson-core/2.9.5/jackson-core-2.9.5.jar:/home/shuaijunlan/.m2/repository/cn/shuaijunlan/guns-core/0.0.1-SNAPSHOT/guns-core-0.0.1-SNAPSHOT.jar:/home/shuaijunlan/.m2/repository/com/baomidou/mybatisplus-spring-boot-starter/1.0.5/mybatisplus-spring-boot-starter-1.0.5.jar:/home/shuaijunlan/.m2/repository/org/springframework/boot/spring-boot-configuration-processor/2.0.1.RELEASE/spring-boot-configuration-processor-2.0.1.RELEASE.jar:/home/shuaijunlan/.m2/repository/com/baomidou/mybatis-plus/2.3/mybatis-plus-2.3.jar:/home/shuaijunlan/.m2/repository/com/baomidou/mybatis-plus-support/2.3/mybatis-plus-support-2.3.jar:/home/shuaijunlan/.m2/repository/com/baomidou/mybatis-plus-core/2.3/mybatis-plus-core-2.3.jar:/home/shuaijunlan/.m2/repository/com/github/jsqlparser/jsqlparser/1.1/jsqlparser-1.1.jar:/home/shuaijunlan/.m2/repository/org/mybatis/mybatis-spring/1.3.2/mybatis-spring-1.3.2.jar:/home/shuaijunlan/.m2/repository/org/mybatis/mybatis/3.4.6/mybatis-3.4.6.jar:/home/shuaijunlan/.m2/repository/com/baomidou/mybatis-plus-generate/2.3/mybatis-plus-generate-2.3.jar:/home/shuaijunlan/.m2/repository/org/apache/velocity/velocity/1.7/velocity-1.7.jar:/home/shuaijunlan/.m2/repository/commons-collections/commons-collections/3.2.1/commons-collections-3.2.1.jar:/home/shuaijunlan/.m2/repository/commons-lang/commons-lang/2.4/commons-lang-2.4.jar:/home/shuaijunlan/.m2/repository/mysql/mysql-connector-java/8.0.11/mysql-connector-java-8.0.11.jar:/home/shuaijunlan/.m2/repository/com/google/protobuf/protobuf-java/2.6.0/protobuf-java-2.6.0.jar:/home/shuaijunlan/.m2/repository/org/springframework/boot/spring-boot-starter-jdbc/2.0.1.RELEASE/spring-boot-starter-jdbc-2.0.1.RELEASE.jar:/home/shuaijunlan/.m2/repository/com/zaxxer/HikariCP/2.7.8/HikariCP-2.7.8.jar:/home/shuaijunlan/.m2/repository/org/springframework/spring-jdbc/5.0.5.RELEASE/spring-jdbc-5.0.5.RELEASE.jar:/home/shuaijunlan/.m2/repository/org/springframework/spring-tx/5.0.5.RELEASE/spring-tx-5.0.5.RELEASE.jar:/home/shuaijunlan/.m2/repository/com/alibaba/druid/1.1.10/druid-1.1.10.jar:/home/shuaijunlan/.m2/repository/com/alibaba/fastjson/1.2.47/fastjson-1.2.47.jar:/home/shuaijunlan/.m2/repository/org/apache/commons/commons-lang3/3.7/commons-lang3-3.7.jar:/home/shuaijunlan/.m2/repository/log4j/log4j/1.2.17/log4j-1.2.17.jar:/home/shuaijunlan/.m2/repository/com/101tec/zkclient/0.10/zkclient-0.10.jar:/home/shuaijunlan/.m2/repository/org/slf4j/slf4j-api/1.7.25/slf4j-api-1.7.25.jar:/home/shuaijunlan/.m2/repository/cn/shuaijunlan/guns-api/0.0.1-SNAPSHOT/guns-api-0.0.1-SNAPSHOT.jar:/home/shuaijunlan/.m2/repository/org/projectlombok/lombok/1.18.4/lombok-1.18.4.jar:, user.name=shuaijunlan, java.vm.specification.version=1.8, sun.java.command=/home/shuaijunlan/workspace/projects/cinema-platform/user-manage/guns-gateway/target/surefire/surefirebooter5321586829577410599.jar /home/shuaijunlan/workspace/projects/cinema-platform/user-manage/guns-gateway/target/surefire 2019-01-02T18-44-11_525-jvmRun1 surefire8057256428489809083tmp surefire_099761898539904293tmp, java.home=/usr/lib/jvm/java-8-openjdk-amd64/jre, sun.arch.data.model=64, user.language=en, java.specification.vendor=Oracle Corporation, awt.toolkit=sun.awt.X11.XToolkit, java.vm.info=mixed mode, java.version=1.8.0_191, java.ext.dirs=/usr/lib/jvm/java-8-openjdk-amd64/jre/lib/ext:/usr/java/packages/lib/ext, sun.boot.class.path=/usr/lib/jvm/java-8-openjdk-amd64/jre/lib/resources.jar:/usr/lib/jvm/java-8-openjdk-amd64/jre/lib/rt.jar:/usr/lib/jvm/java-8-openjdk-amd64/jre/lib/sunrsasign.jar:/usr/lib/jvm/java-8-openjdk-amd64/jre/lib/jsse.jar:/usr/lib/jvm/java-8-openjdk-amd64/jre/lib/jce.jar:/usr/lib/jvm/java-8-openjdk-amd64/jre/lib/charsets.jar:/usr/lib/jvm/java-8-openjdk-amd64/jre/lib/jfr.jar:/usr/lib/jvm/java-8-openjdk-amd64/jre/classes, java.vendor=Oracle Corporation, localRepository=/home/shuaijunlan/.m2/repository, file.separator=/, java.vendor.url.bug=http://bugreport.sun.com/bugreport/, sun.io.unicode.encoding=UnicodeLittle, sun.cpu.endian=little, sun.desktop=gnome, sun.cpu.isalist=}}, SystemEnvironmentPropertySource@1370651081 {name='systemEnvironment', properties={PATH=/home/shuaijunlan/.local/bin:/usr/local/sbin:/usr/local/bin:/usr/sbin:/usr/bin:/sbin:/bin:/usr/games:/usr/local/games:/snap/bin:/usr/local/go/bin:/bin, LC_MEASUREMENT=en_US.UTF-8, XAUTHORITY=/run/user/1000/gdm/Xauthority, XMODIFIERS=@im=fcitx, LC_TELEPHONE=en_US.UTF-8, XDG_DATA_DIRS=/usr/share/ubuntu:/usr/local/share:/usr/share:/var/lib/snapd/desktop, GDMSESSION=ubuntu, MANDATORY_PATH=/usr/share/gconf/ubuntu.mandatory.path, LC_TIME=en_US.UTF-8, PAPERSIZE=letter, TEXTDOMAINDIR=/usr/share/locale/, GTK_IM_MODULE=fcitx, DBUS_SESSION_BUS_ADDRESS=unix:path=/run/user/1000/bus, __INTELLIJ_COMMAND_HISTFILE__=/home/shuaijunlan/.IntelliJIdea2018.3/config/terminal/history/history-4, DEFAULTS_PATH=/usr/share/gconf/ubuntu.default.path, XDG_CURRENT_DESKTOP=ubuntu:GNOME, SSH_AGENT_PID=1432, QT4_IM_MODULE=fcitx, LC_PAPER=en_US.UTF-8, SESSION_MANAGER=local/Junlan:@/tmp/.ICE-unix/1339,unix/Junlan:/tmp/.ICE-unix/1339, USERNAME=shuaijunlan, LOGNAME=shuaijunlan, PWD=/home/shuaijunlan/workspace/projects/cinema-platform/user-manage/guns-gateway, IM_CONFIG_PHASE=2, GJS_DEBUG_TOPICS=JS ERROR;JS LOG, SHELL=/bin/bash, LESSOPEN=| /usr/bin/lesspipe %s, LC_ADDRESS=en_US.UTF-8, GIO_LAUNCHED_DESKTOP_FILE=/home/shuaijunlan/.local/share/applications/jetbrains-idea.desktop, GOPATH=/home/shuaijunlan/workspace/go-projects, OLDPWD=/home/shuaijunlan/workspace/projects/cinema-platform/user-manage/guns-gateway, GNOME_DESKTOP_SESSION_ID=this-is-deprecated, GTK_MODULES=gail:atk-bridge, CLUTTER_IM_MODULE=xim, TEXTDOMAIN=im-config, LS_COLORS=rs=0:di=01;34:ln=01;36:mh=00:pi=40;33:so=01;35:do=01;35:bd=40;33;01:cd=40;33;01:or=40;31;01:mi=00:su=37;41:sg=30;43:ca=30;41:tw=30;42:ow=34;42:st=37;44:ex=01;32:*.tar=01;31:*.tgz=01;31:*.arc=01;31:*.arj=01;31:*.taz=01;31:*.lha=01;31:*.lz4=01;31:*.lzh=01;31:*.lzma=01;31:*.tlz=01;31:*.txz=01;31:*.tzo=01;31:*.t7z=01;31:*.zip=01;31:*.z=01;31:*.Z=01;31:*.dz=01;31:*.gz=01;31:*.lrz=01;31:*.lz=01;31:*.lzo=01;31:*.xz=01;31:*.zst=01;31:*.tzst=01;31:*.bz2=01;31:*.bz=01;31:*.tbz=01;31:*.tbz2=01;31:*.tz=01;31:*.deb=01;31:*.rpm=01;31:*.jar=01;31:*.war=01;31:*.ear=01;31:*.sar=01;31:*.rar=01;31:*.alz=01;31:*.ace=01;31:*.zoo=01;31:*.cpio=01;31:*.7z=01;31:*.rz=01;31:*.cab=01;31:*.wim=01;31:*.swm=01;31:*.dwm=01;31:*.esd=01;31:*.jpg=01;35:*.jpeg=01;35:*.mjpg=01;35:*.mjpeg=01;35:*.gif=01;35:*.bmp=01;35:*.pbm=01;35:*.pgm=01;35:*.ppm=01;35:*.tga=01;35:*.xbm=01;35:*.xpm=01;35:*.tif=01;35:*.tiff=01;35:*.png=01;35:*.svg=01;35:*.svgz=01;35:*.mng=01;35:*.pcx=01;35:*.mov=01;35:*.mpg=01;35:*.mpeg=01;35:*.m2v=01;35:*.mkv=01;35:*.webm=01;35:*.ogm=01;35:*.mp4=01;35:*.m4v=01;35:*.mp4v=01;35:*.vob=01;35:*.qt=01;35:*.nuv=01;35:*.wmv=01;35:*.asf=01;35:*.rm=01;35:*.rmvb=01;35:*.flc=01;35:*.avi=01;35:*.fli=01;35:*.flv=01;35:*.gl=01;35:*.dl=01;35:*.xcf=01;35:*.xwd=01;35:*.yuv=01;35:*.cgm=01;35:*.emf=01;35:*.ogv=01;35:*.ogx=01;35:*.aac=00;36:*.au=00;36:*.flac=00;36:*.m4a=00;36:*.mid=00;36:*.midi=00;36:*.mka=00;36:*.mp3=00;36:*.mpc=00;36:*.ogg=00;36:*.ra=00;36:*.wav=00;36:*.oga=00;36:*.opus=00;36:*.spx=00;36:*.xspf=00;36:, XDG_SESSION_DESKTOP=ubuntu, SHLVL=1, LC_IDENTIFICATION=en_US.UTF-8, HISTFILE=/home/shuaijunlan/.IntelliJIdea2018.3/config/terminal/history/history-4, LESSCLOSE=/usr/bin/lesspipe %s %s, LC_MONETARY=en_US.UTF-8, QT_IM_MODULE=fcitx, TERM=xterm-256color, XDG_CONFIG_DIRS=/etc/xdg/xdg-ubuntu:/etc/xdg, LANG=en_US.UTF-8, XDG_SESSION_ID=2, XDG_SESSION_TYPE=x11, DISPLAY=:0, LC_NAME=en_US.UTF-8, MAVEN_CMD_LINE_ARGS= install, _=/usr/bin/mvn, GPG_AGENT_INFO=/run/user/1000/gnupg/S.gpg-agent:0:1, MAVEN_PROJECTBASEDIR=/home/shuaijunlan/workspace/projects/cinema-platform/user-manage, DESKTOP_SESSION=ubuntu, USER=shuaijunlan, XDG_MENU_PREFIX=gnome-, GOROOT=/usr/local/go, GIO_LAUNCHED_DESKTOP_FILE_PID=6410, QT_ACCESSIBILITY=1, WINDOWPATH=2, TERMINAL_EMULATOR=JetBrains-JediTerm, LC_NUMERIC=en_US.UTF-8, GJS_DEBUG_OUTPUT=stderr, SSH_AUTH_SOCK=/run/user/1000/keyring/ssh, XDG_SEAT=seat0, GOBIN=/home/shuaijunlan/workspace/go-projects/bin, GNOME_SHELL_SESSION_MODE=ubuntu, XDG_VTNR=2, XDG_RUNTIME_DIR=/run/user/1000, HOME=/home/shuaijunlan}}]
18:44:13.037 [main] DEBUG org.springframework.core.io.support.PathMatchingResourcePatternResolver - Resolved classpath location [com/stylefeng/guns/] to resources [URL [file:/home/shuaijunlan/workspace/projects/cinema-platform/user-manage/guns-gateway/target/test-classes/com/stylefeng/guns/], URL [file:/home/shuaijunlan/workspace/projects/cinema-platform/user-manage/guns-gateway/target/classes/com/stylefeng/guns/], URL [jar:file:/home/shuaijunlan/.m2/repository/cn/shuaijunlan/guns-core/0.0.1-SNAPSHOT/guns-core-0.0.1-SNAPSHOT.jar!/com/stylefeng/guns/], URL [jar:file:/home/shuaijunlan/.m2/repository/cn/shuaijunlan/guns-api/0.0.1-SNAPSHOT/guns-api-0.0.1-SNAPSHOT.jar!/com/stylefeng/guns/]]
18:44:13.038 [main] DEBUG org.springframework.core.io.support.PathMatchingResourcePatternResolver - Looking for matching resources in directory tree [/home/shuaijunlan/workspace/projects/cinema-platform/user-manage/guns-gateway/target/test-classes/com/stylefeng/guns]
18:44:13.038 [main] DEBUG org.springframework.core.io.support.PathMatchingResourcePatternResolver - Searching directory [/home/shuaijunlan/workspace/projects/cinema-platform/user-manage/guns-gateway/target/test-classes/com/stylefeng/guns] for files matching pattern [/home/shuaijunlan/workspace/projects/cinema-platform/user-manage/guns-gateway/target/test-classes/com/stylefeng/guns/*.class]
18:44:13.040 [main] DEBUG org.springframework.core.io.support.PathMatchingResourcePatternResolver - Looking for matching resources in directory tree [/home/shuaijunlan/workspace/projects/cinema-platform/user-manage/guns-gateway/target/classes/com/stylefeng/guns]
18:44:13.041 [main] DEBUG org.springframework.core.io.support.PathMatchingResourcePatternResolver - Searching directory [/home/shuaijunlan/workspace/projects/cinema-platform/user-manage/guns-gateway/target/classes/com/stylefeng/guns] for files matching pattern [/home/shuaijunlan/workspace/projects/cinema-platform/user-manage/guns-gateway/target/classes/com/stylefeng/guns/*.class]
18:44:13.041 [main] DEBUG org.springframework.core.io.support.PathMatchingResourcePatternResolver - Looking for matching resources in jar file [file:/home/shuaijunlan/.m2/repository/cn/shuaijunlan/guns-core/0.0.1-SNAPSHOT/guns-core-0.0.1-SNAPSHOT.jar]
18:44:13.042 [main] DEBUG org.springframework.core.io.support.PathMatchingResourcePatternResolver - Looking for matching resources in jar file [file:/home/shuaijunlan/.m2/repository/cn/shuaijunlan/guns-api/0.0.1-SNAPSHOT/guns-api-0.0.1-SNAPSHOT.jar]
18:44:13.043 [main] DEBUG org.springframework.core.io.support.PathMatchingResourcePatternResolver - Resolved location pattern [classpath*:com/stylefeng/guns/*.class] to resources [file [/home/shuaijunlan/workspace/projects/cinema-platform/user-manage/guns-gateway/target/test-classes/com/stylefeng/guns/GunsRestApplicationTests.class]]
18:44:13.092 [main] DEBUG org.springframework.core.io.support.PathMatchingResourcePatternResolver - Resolved classpath location [com/stylefeng/] to resources [URL [file:/home/shuaijunlan/workspace/projects/cinema-platform/user-manage/guns-gateway/target/test-classes/com/stylefeng/], URL [file:/home/shuaijunlan/workspace/projects/cinema-platform/user-manage/guns-gateway/target/classes/com/stylefeng/], URL [jar:file:/home/shuaijunlan/.m2/repository/cn/shuaijunlan/guns-core/0.0.1-SNAPSHOT/guns-core-0.0.1-SNAPSHOT.jar!/com/stylefeng/], URL [jar:file:/home/shuaijunlan/.m2/repository/cn/shuaijunlan/guns-api/0.0.1-SNAPSHOT/guns-api-0.0.1-SNAPSHOT.jar!/com/stylefeng/]]
18:44:13.092 [main] DEBUG org.springframework.core.io.support.PathMatchingResourcePatternResolver - Looking for matching resources in directory tree [/home/shuaijunlan/workspace/projects/cinema-platform/user-manage/guns-gateway/target/test-classes/com/stylefeng]
18:44:13.092 [main] DEBUG org.springframework.core.io.support.PathMatchingResourcePatternResolver - Searching directory [/home/shuaijunlan/workspace/projects/cinema-platform/user-manage/guns-gateway/target/test-classes/com/stylefeng] for files matching pattern [/home/shuaijunlan/workspace/projects/cinema-platform/user-manage/guns-gateway/target/test-classes/com/stylefeng/*.class]
18:44:13.092 [main] DEBUG org.springframework.core.io.support.PathMatchingResourcePatternResolver - Looking for matching resources in directory tree [/home/shuaijunlan/workspace/projects/cinema-platform/user-manage/guns-gateway/target/classes/com/stylefeng]
18:44:13.092 [main] DEBUG org.springframework.core.io.support.PathMatchingResourcePatternResolver - Searching directory [/home/shuaijunlan/workspace/projects/cinema-platform/user-manage/guns-gateway/target/classes/com/stylefeng] for files matching pattern [/home/shuaijunlan/workspace/projects/cinema-platform/user-manage/guns-gateway/target/classes/com/stylefeng/*.class]
18:44:13.092 [main] DEBUG org.springframework.core.io.support.PathMatchingResourcePatternResolver - Looking for matching resources in jar file [file:/home/shuaijunlan/.m2/repository/cn/shuaijunlan/guns-core/0.0.1-SNAPSHOT/guns-core-0.0.1-SNAPSHOT.jar]
18:44:13.093 [main] DEBUG org.springframework.core.io.support.PathMatchingResourcePatternResolver - Looking for matching resources in jar file [file:/home/shuaijunlan/.m2/repository/cn/shuaijunlan/guns-api/0.0.1-SNAPSHOT/guns-api-0.0.1-SNAPSHOT.jar]
18:44:13.093 [main] DEBUG org.springframework.core.io.support.PathMatchingResourcePatternResolver - Resolved location pattern [classpath*:com/stylefeng/*.class] to resources []
18:44:13.094 [main] DEBUG org.springframework.core.io.support.PathMatchingResourcePatternResolver - Resolved classpath location [com/] to resources [URL [file:/home/shuaijunlan/workspace/projects/cinema-platform/user-manage/guns-gateway/target/test-classes/com/], URL [file:/home/shuaijunlan/workspace/projects/cinema-platform/user-manage/guns-gateway/target/classes/com/], URL [jar:file:/home/shuaijunlan/.m2/repository/com/fasterxml/jackson/datatype/jackson-datatype-jdk8/2.9.5/jackson-datatype-jdk8-2.9.5.jar!/com/], URL [jar:file:/home/shuaijunlan/.m2/repository/com/fasterxml/jackson/datatype/jackson-datatype-jsr310/2.9.5/jackson-datatype-jsr310-2.9.5.jar!/com/], URL [jar:file:/home/shuaijunlan/.m2/repository/com/fasterxml/jackson/module/jackson-module-parameter-names/2.9.5/jackson-module-parameter-names-2.9.5.jar!/com/], URL [jar:file:/home/shuaijunlan/.m2/repository/com/fasterxml/classmate/1.3.4/classmate-1.3.4.jar!/com/], URL [jar:file:/home/shuaijunlan/.m2/repository/com/google/guava/guava/16.0.1/guava-16.0.1.jar!/com/], URL [jar:file:/home/shuaijunlan/.m2/repository/com/alibaba/boot/dubbo-spring-boot-autoconfigure/0.2.0/dubbo-spring-boot-autoconfigure-0.2.0.jar!/com/], URL [jar:file:/home/shuaijunlan/.m2/repository/com/alibaba/dubbo/2.6.5/dubbo-2.6.5.jar!/com/], URL [jar:file:/home/shuaijunlan/.m2/repository/com/alibaba/spring/spring-context-support/1.0.2/spring-context-support-1.0.2.jar!/com/], URL [jar:file:/home/shuaijunlan/.m2/repository/com/jayway/jsonpath/json-path/2.4.0/json-path-2.4.0.jar!/com/], URL [jar:file:/home/shuaijunlan/.m2/repository/com/fasterxml/jackson/core/jackson-databind/2.9.5/jackson-databind-2.9.5.jar!/com/], URL [jar:file:/home/shuaijunlan/.m2/repository/com/fasterxml/jackson/core/jackson-annotations/2.9.0/jackson-annotations-2.9.0.jar!/com/], URL [jar:file:/home/shuaijunlan/.m2/repository/com/fasterxml/jackson/core/jackson-core/2.9.5/jackson-core-2.9.5.jar!/com/], URL [jar:file:/home/shuaijunlan/.m2/repository/cn/shuaijunlan/guns-core/0.0.1-SNAPSHOT/guns-core-0.0.1-SNAPSHOT.jar!/com/], URL [jar:file:/home/shuaijunlan/.m2/repository/com/baomidou/mybatisplus-spring-boot-starter/1.0.5/mybatisplus-spring-boot-starter-1.0.5.jar!/com/], URL [jar:file:/home/shuaijunlan/.m2/repository/com/baomidou/mybatis-plus-support/2.3/mybatis-plus-support-2.3.jar!/com/], URL [jar:file:/home/shuaijunlan/.m2/repository/com/baomidou/mybatis-plus-core/2.3/mybatis-plus-core-2.3.jar!/com/], URL [jar:file:/home/shuaijunlan/.m2/repository/com/baomidou/mybatis-plus-generate/2.3/mybatis-plus-generate-2.3.jar!/com/], URL [jar:file:/home/shuaijunlan/.m2/repository/mysql/mysql-connector-java/8.0.11/mysql-connector-java-8.0.11.jar!/com/], URL [jar:file:/home/shuaijunlan/.m2/repository/com/google/protobuf/protobuf-java/2.6.0/protobuf-java-2.6.0.jar!/com/], URL [jar:file:/home/shuaijunlan/.m2/repository/com/zaxxer/HikariCP/2.7.8/HikariCP-2.7.8.jar!/com/], URL [jar:file:/home/shuaijunlan/.m2/repository/com/alibaba/druid/1.1.10/druid-1.1.10.jar!/com/], URL [jar:file:/home/shuaijunlan/.m2/repository/com/alibaba/fastjson/1.2.47/fastjson-1.2.47.jar!/com/], URL [jar:file:/home/shuaijunlan/.m2/repository/cn/shuaijunlan/guns-api/0.0.1-SNAPSHOT/guns-api-0.0.1-SNAPSHOT.jar!/com/], URL [jar:file:/home/shuaijunlan/.m2/repository/org/projectlombok/lombok/1.18.4/lombok-1.18.4.jar!/com/]]
18:44:13.095 [main] DEBUG org.springframework.core.io.support.PathMatchingResourcePatternResolver - Looking for matching resources in directory tree [/home/shuaijunlan/workspace/projects/cinema-platform/user-manage/guns-gateway/target/test-classes/com]
18:44:13.095 [main] DEBUG org.springframework.core.io.support.PathMatchingResourcePatternResolver - Searching directory [/home/shuaijunlan/workspace/projects/cinema-platform/user-manage/guns-gateway/target/test-classes/com] for files matching pattern [/home/shuaijunlan/workspace/projects/cinema-platform/user-manage/guns-gateway/target/test-classes/com/*.class]
18:44:13.095 [main] DEBUG org.springframework.core.io.support.PathMatchingResourcePatternResolver - Looking for matching resources in directory tree [/home/shuaijunlan/workspace/projects/cinema-platform/user-manage/guns-gateway/target/classes/com]
18:44:13.095 [main] DEBUG org.springframework.core.io.support.PathMatchingResourcePatternResolver - Searching directory [/home/shuaijunlan/workspace/projects/cinema-platform/user-manage/guns-gateway/target/classes/com] for files matching pattern [/home/shuaijunlan/workspace/projects/cinema-platform/user-manage/guns-gateway/target/classes/com/*.class]
18:44:13.095 [main] DEBUG org.springframework.core.io.support.PathMatchingResourcePatternResolver - Looking for matching resources in jar file [file:/home/shuaijunlan/.m2/repository/com/fasterxml/jackson/datatype/jackson-datatype-jdk8/2.9.5/jackson-datatype-jdk8-2.9.5.jar]
18:44:13.095 [main] DEBUG org.springframework.core.io.support.PathMatchingResourcePatternResolver - Looking for matching resources in jar file [file:/home/shuaijunlan/.m2/repository/com/fasterxml/jackson/datatype/jackson-datatype-jsr310/2.9.5/jackson-datatype-jsr310-2.9.5.jar]
18:44:13.096 [main] DEBUG org.springframework.core.io.support.PathMatchingResourcePatternResolver - Looking for matching resources in jar file [file:/home/shuaijunlan/.m2/repository/com/fasterxml/jackson/module/jackson-module-parameter-names/2.9.5/jackson-module-parameter-names-2.9.5.jar]
18:44:13.096 [main] DEBUG org.springframework.core.io.support.PathMatchingResourcePatternResolver - Looking for matching resources in jar file [file:/home/shuaijunlan/.m2/repository/com/fasterxml/classmate/1.3.4/classmate-1.3.4.jar]
18:44:13.097 [main] DEBUG org.springframework.core.io.support.PathMatchingResourcePatternResolver - Looking for matching resources in jar file [file:/home/shuaijunlan/.m2/repository/com/google/guava/guava/16.0.1/guava-16.0.1.jar]
18:44:13.106 [main] DEBUG org.springframework.core.io.support.PathMatchingResourcePatternResolver - Looking for matching resources in jar file [file:/home/shuaijunlan/.m2/repository/com/alibaba/boot/dubbo-spring-boot-autoconfigure/0.2.0/dubbo-spring-boot-autoconfigure-0.2.0.jar]
18:44:13.107 [main] DEBUG org.springframework.core.io.support.PathMatchingResourcePatternResolver - Looking for matching resources in jar file [file:/home/shuaijunlan/.m2/repository/com/alibaba/dubbo/2.6.5/dubbo-2.6.5.jar]
18:44:13.114 [main] DEBUG org.springframework.core.io.support.PathMatchingResourcePatternResolver - Looking for matching resources in jar file [file:/home/shuaijunlan/.m2/repository/com/alibaba/spring/spring-context-support/1.0.2/spring-context-support-1.0.2.jar]
18:44:13.114 [main] DEBUG org.springframework.core.io.support.PathMatchingResourcePatternResolver - Looking for matching resources in jar file [file:/home/shuaijunlan/.m2/repository/com/jayway/jsonpath/json-path/2.4.0/json-path-2.4.0.jar]
18:44:13.115 [main] DEBUG org.springframework.core.io.support.PathMatchingResourcePatternResolver - Looking for matching resources in jar file [file:/home/shuaijunlan/.m2/repository/com/fasterxml/jackson/core/jackson-databind/2.9.5/jackson-databind-2.9.5.jar]
18:44:13.118 [main] DEBUG org.springframework.core.io.support.PathMatchingResourcePatternResolver - Looking for matching resources in jar file [file:/home/shuaijunlan/.m2/repository/com/fasterxml/jackson/core/jackson-annotations/2.9.0/jackson-annotations-2.9.0.jar]
18:44:13.119 [main] DEBUG org.springframework.core.io.support.PathMatchingResourcePatternResolver - Looking for matching resources in jar file [file:/home/shuaijunlan/.m2/repository/com/fasterxml/jackson/core/jackson-core/2.9.5/jackson-core-2.9.5.jar]
18:44:13.120 [main] DEBUG org.springframework.core.io.support.PathMatchingResourcePatternResolver - Looking for matching resources in jar file [file:/home/shuaijunlan/.m2/repository/cn/shuaijunlan/guns-core/0.0.1-SNAPSHOT/guns-core-0.0.1-SNAPSHOT.jar]
18:44:13.121 [main] DEBUG org.springframework.core.io.support.PathMatchingResourcePatternResolver - Looking for matching resources in jar file [file:/home/shuaijunlan/.m2/repository/com/baomidou/mybatisplus-spring-boot-starter/1.0.5/mybatisplus-spring-boot-starter-1.0.5.jar]
18:44:13.121 [main] DEBUG org.springframework.core.io.support.PathMatchingResourcePatternResolver - Looking for matching resources in jar file [file:/home/shuaijunlan/.m2/repository/com/baomidou/mybatis-plus-support/2.3/mybatis-plus-support-2.3.jar]
18:44:13.122 [main] DEBUG org.springframework.core.io.support.PathMatchingResourcePatternResolver - Looking for matching resources in jar file [file:/home/shuaijunlan/.m2/repository/com/baomidou/mybatis-plus-core/2.3/mybatis-plus-core-2.3.jar]
18:44:13.122 [main] DEBUG org.springframework.core.io.support.PathMatchingResourcePatternResolver - Looking for matching resources in jar file [file:/home/shuaijunlan/.m2/repository/com/baomidou/mybatis-plus-generate/2.3/mybatis-plus-generate-2.3.jar]
18:44:13.123 [main] DEBUG org.springframework.core.io.support.PathMatchingResourcePatternResolver - Looking for matching resources in jar file [file:/home/shuaijunlan/.m2/repository/mysql/mysql-connector-java/8.0.11/mysql-connector-java-8.0.11.jar]
18:44:13.126 [main] DEBUG org.springframework.core.io.support.PathMatchingResourcePatternResolver - Looking for matching resources in jar file [file:/home/shuaijunlan/.m2/repository/com/google/protobuf/protobuf-java/2.6.0/protobuf-java-2.6.0.jar]
18:44:13.127 [main] DEBUG org.springframework.core.io.support.PathMatchingResourcePatternResolver - Looking for matching resources in jar file [file:/home/shuaijunlan/.m2/repository/com/zaxxer/HikariCP/2.7.8/HikariCP-2.7.8.jar]
18:44:13.127 [main] DEBUG org.springframework.core.io.support.PathMatchingResourcePatternResolver - Looking for matching resources in jar file [file:/home/shuaijunlan/.m2/repository/com/alibaba/druid/1.1.10/druid-1.1.10.jar]
18:44:13.135 [main] DEBUG org.springframework.core.io.support.PathMatchingResourcePatternResolver - Looking for matching resources in jar file [file:/home/shuaijunlan/.m2/repository/com/alibaba/fastjson/1.2.47/fastjson-1.2.47.jar]
18:44:13.137 [main] DEBUG org.springframework.core.io.support.PathMatchingResourcePatternResolver - Looking for matching resources in jar file [file:/home/shuaijunlan/.m2/repository/cn/shuaijunlan/guns-api/0.0.1-SNAPSHOT/guns-api-0.0.1-SNAPSHOT.jar]
18:44:13.138 [main] DEBUG org.springframework.core.io.support.PathMatchingResourcePatternResolver - Looking for matching resources in jar file [file:/home/shuaijunlan/.m2/repository/org/projectlombok/lombok/1.18.4/lombok-1.18.4.jar]
18:44:13.139 [main] DEBUG org.springframework.core.io.support.PathMatchingResourcePatternResolver - Resolved location pattern [classpath*:com/*.class] to resources []
]]></system-out>
  </testcase>
</testsuite>